[2021-11-03 20:16:47] [INFO] [conftest.py line:34]->>开始清理截图和日志文件...
[2021-11-03 20:16:47] [INFO] [clear.py line:19]->>开始清理截图
[2021-11-03 20:16:47] [INFO] [clear.py line:30]->>清除截图完成
[2021-11-03 20:16:47] [INFO] [clear.py line:45]->>开始清理log
[2021-11-03 20:16:47] [INFO] [clear.py line:55]->>log清理完成
[2021-11-03 20:16:47] [INFO] [reader.py line:43]->>加载文件:/Users/mac/Desktop/my_code/WebFramework/data/login_data.yaml
[2021-11-03 20:16:47] [INFO] [reader.py line:43]->>加载文件:/Users/mac/Desktop/my_code/WebFramework/data/login_data.yaml
[2021-11-03 20:16:47] [INFO] [conftest.py line:68]->>*************** 开始执行用例：test01_login ***************
[2021-11-03 20:16:50] [INFO] [basepage.py line:49]->>导航到:https://maitenghuicai.com/login.html
[2021-11-03 20:16:53] [INFO] [basepage.py line:64]->>定位元素：('xpath', '//input[@name="accounts"]'), 元素描述：LoginPageRsrc.LOC_用户名框
[2021-11-03 20:16:53] [INFO] [basepage.py line:73]->>元素定位成功:耗时0.032秒!
[2021-11-03 20:16:53] [INFO] [basepage.py line:234]->>输入内容:"mik", 元素描述:LoginPageRsrc.LOC_用户名框
[2021-11-03 20:16:53] [INFO] [basepage.py line:64]->>定位元素：('xpath', '//input[@name="pwd"]'), 元素描述：LoginPageRsrc.LOC_密码框
[2021-11-03 20:16:53] [INFO] [basepage.py line:73]->>元素定位成功:耗时0.033秒!
[2021-11-03 20:16:53] [INFO] [basepage.py line:234]->>输入内容:"123456", 元素描述:LoginPageRsrc.LOC_密码框
[2021-11-03 20:16:53] [INFO] [basepage.py line:64]->>定位元素：('xpath', '//input[@name="accounts"]'), 元素描述：LoginPageRsrc.LOC_用户名框
[2021-11-03 20:16:53] [INFO] [basepage.py line:73]->>元素定位成功:耗时0.019秒!
[2021-11-03 20:16:53] [INFO] [basepage.py line:283]->>提交form表单
[2021-11-03 20:16:53] [INFO] [basepage.py line:64]->>定位元素：('xpath', '//p[@class="prompt-msg"]'), 元素描述：LoginPageRsrc.LOC_登陆结果
[2021-11-03 20:16:54] [INFO] [basepage.py line:73]->>元素定位成功:耗时0.548秒!
[2021-11-03 20:16:54] [INFO] [basepage.py line:299]->>获取文本:"登录成功", 元素描述：LoginPageRsrc.LOC_登陆结果
[2021-11-03 20:16:57] [INFO] [conftest.py line:60]->>关闭浏览器,并重置driver
[2021-11-03 20:16:57] [INFO] [conftest.py line:70]->>*************** 结束执行用例：test01_login ***************
[2021-11-03 20:16:57] [INFO] [conftest.py line:68]->>*************** 开始执行用例：test01_login ***************
[2021-11-03 20:16:59] [INFO] [basepage.py line:49]->>导航到:https://maitenghuicai.com/login.html
[2021-11-03 20:17:01] [INFO] [basepage.py line:64]->>定位元素：('xpath', '//input[@name="accounts"]'), 元素描述：LoginPageRsrc.LOC_用户名框
[2021-11-03 20:17:01] [INFO] [basepage.py line:73]->>元素定位成功:耗时0.037秒!
[2021-11-03 20:17:01] [INFO] [basepage.py line:234]->>输入内容:"mik", 元素描述:LoginPageRsrc.LOC_用户名框
[2021-11-03 20:17:01] [INFO] [basepage.py line:64]->>定位元素：('xpath', '//input[@name="pwd"]'), 元素描述：LoginPageRsrc.LOC_密码框
[2021-11-03 20:17:01] [INFO] [basepage.py line:73]->>元素定位成功:耗时0.062秒!
[2021-11-03 20:17:01] [INFO] [basepage.py line:234]->>输入内容:"abc123456", 元素描述:LoginPageRsrc.LOC_密码框
[2021-11-03 20:17:02] [INFO] [basepage.py line:64]->>定位元素：('xpath', '//input[@name="accounts"]'), 元素描述：LoginPageRsrc.LOC_用户名框
[2021-11-03 20:17:02] [INFO] [basepage.py line:73]->>元素定位成功:耗时0.029秒!
[2021-11-03 20:17:02] [INFO] [basepage.py line:283]->>提交form表单
[2021-11-03 20:17:02] [INFO] [basepage.py line:64]->>定位元素：('xpath', '//p[@class="prompt-msg"]'), 元素描述：LoginPageRsrc.LOC_登陆结果
[2021-11-03 20:17:02] [INFO] [basepage.py line:73]->>元素定位成功:耗时0.546秒!
[2021-11-03 20:17:02] [INFO] [basepage.py line:299]->>获取文本:"密码错误", 元素描述：LoginPageRsrc.LOC_登陆结果
[2021-11-03 20:17:05] [INFO] [conftest.py line:60]->>关闭浏览器,并重置driver
[2021-11-03 20:17:05] [INFO] [conftest.py line:70]->>*************** 结束执行用例：test01_login ***************
[2021-11-03 20:17:05] [INFO] [conftest.py line:68]->>*************** 开始执行用例：test01_login ***************
[2021-11-03 20:17:08] [INFO] [basepage.py line:49]->>导航到:https://maitenghuicai.com/login.html
[2021-11-03 20:17:10] [INFO] [basepage.py line:64]->>定位元素：('xpath', '//input[@name="accounts"]'), 元素描述：LoginPageRsrc.LOC_用户名框
[2021-11-03 20:17:10] [INFO] [basepage.py line:73]->>元素定位成功:耗时0.038秒!
[2021-11-03 20:17:10] [INFO] [basepage.py line:234]->>输入内容:"mik2232", 元素描述:LoginPageRsrc.LOC_用户名框
[2021-11-03 20:17:10] [INFO] [basepage.py line:64]->>定位元素：('xpath', '//input[@name="pwd"]'), 元素描述：LoginPageRsrc.LOC_密码框
[2021-11-03 20:17:10] [INFO] [basepage.py line:73]->>元素定位成功:耗时0.039秒!
[2021-11-03 20:17:10] [INFO] [basepage.py line:234]->>输入内容:"123456", 元素描述:LoginPageRsrc.LOC_密码框
[2021-11-03 20:17:10] [INFO] [basepage.py line:64]->>定位元素：('xpath', '//input[@name="accounts"]'), 元素描述：LoginPageRsrc.LOC_用户名框
[2021-11-03 20:17:10] [INFO] [basepage.py line:73]->>元素定位成功:耗时0.032秒!
[2021-11-03 20:17:10] [INFO] [basepage.py line:283]->>提交form表单
[2021-11-03 20:17:10] [INFO] [basepage.py line:64]->>定位元素：('xpath', '//p[@class="prompt-msg"]'), 元素描述：LoginPageRsrc.LOC_登陆结果
[2021-11-03 20:17:11] [INFO] [basepage.py line:73]->>元素定位成功:耗时0.551秒!
[2021-11-03 20:17:11] [INFO] [basepage.py line:299]->>获取文本:"登录帐号不存在", 元素描述：LoginPageRsrc.LOC_登陆结果
[2021-11-03 20:17:14] [INFO] [conftest.py line:60]->>关闭浏览器,并重置driver
[2021-11-03 20:17:14] [INFO] [conftest.py line:70]->>*************** 结束执行用例：test01_login ***************
[2021-11-03 20:17:14] [INFO] [conftest.py line:68]->>*************** 开始执行用例：test01_add_address ***************
[2021-11-03 20:17:16] [INFO] [reader.py line:43]->>加载文件:/Users/mac/Desktop/my_code/WebFramework/data/user_address_info_data.yaml
[2021-11-03 20:17:16] [INFO] [basepage.py line:49]->>导航到:https://maitenghuicai.com/login.html
[2021-11-03 20:17:19] [INFO] [basepage.py line:64]->>定位元素：('xpath', '//input[@name="accounts"]'), 元素描述：LoginPageRsrc.LOC_用户名框
[2021-11-03 20:17:19] [INFO] [basepage.py line:73]->>元素定位成功:耗时0.043秒!
[2021-11-03 20:17:19] [INFO] [basepage.py line:234]->>输入内容:"mik", 元素描述:LoginPageRsrc.LOC_用户名框
[2021-11-03 20:17:19] [INFO] [basepage.py line:64]->>定位元素：('xpath', '//input[@name="pwd"]'), 元素描述：LoginPageRsrc.LOC_密码框
[2021-11-03 20:17:19] [INFO] [basepage.py line:73]->>元素定位成功:耗时0.03秒!
[2021-11-03 20:17:19] [INFO] [basepage.py line:234]->>输入内容:"123456", 元素描述:LoginPageRsrc.LOC_密码框
[2021-11-03 20:17:19] [INFO] [basepage.py line:64]->>定位元素：('xpath', '//input[@name="accounts"]'), 元素描述：LoginPageRsrc.LOC_用户名框
[2021-11-03 20:17:19] [INFO] [basepage.py line:73]->>元素定位成功:耗时0.02秒!
[2021-11-03 20:17:19] [INFO] [basepage.py line:283]->>提交form表单
[2021-11-03 20:17:19] [INFO] [basepage.py line:64]->>定位元素：('xpath', '//p[@class="prompt-msg"]'), 元素描述：LoginPageRsrc.LOC_登陆结果
[2021-11-03 20:17:20] [INFO] [basepage.py line:73]->>元素定位成功:耗时0.544秒!
[2021-11-03 20:17:20] [INFO] [basepage.py line:299]->>获取文本:"登录成功", 元素描述：LoginPageRsrc.LOC_登陆结果
[2021-11-03 20:17:20] [INFO] [basepage.py line:49]->>导航到:https://maitenghuicai.com/useraddress/index.html
[2021-11-03 20:17:20] [INFO] [basepage.py line:64]->>定位元素：('xpath', '//*[@data-popup-title="新增地址"]'), 元素描述：UserAddressPageRsrc.LOC_新增地址按钮
[2021-11-03 20:17:20] [INFO] [basepage.py line:73]->>元素定位成功:耗时0.025秒!
[2021-11-03 20:17:20] [INFO] [basepage.py line:252]->>点击元素:('xpath', '//*[@data-popup-title="新增地址"]'), 元素描述:UserAddressPageRsrc.LOC_新增地址按钮
[2021-11-03 20:17:21] [INFO] [basepage.py line:184]->>frame切换成功
[2021-11-03 20:17:21] [INFO] [basepage.py line:64]->>定位元素：('xpath', '//input[@placeholder="别名"]'), 元素描述：UserAddressPageRsrc.LOC_别名框
[2021-11-03 20:17:21] [INFO] [basepage.py line:73]->>元素定位成功:耗时0.03秒!
[2021-11-03 20:17:21] [INFO] [basepage.py line:234]->>输入内容:"小三", 元素描述:UserAddressPageRsrc.LOC_别名框
[2021-11-03 20:17:21] [INFO] [basepage.py line:64]->>定位元素：('xpath', '//input[@placeholder="姓名"]'), 元素描述：UserAddressPageRsrc.LOC_姓名框
[2021-11-03 20:17:21] [INFO] [basepage.py line:73]->>元素定位成功:耗时0.033秒!
[2021-11-03 20:17:21] [INFO] [basepage.py line:234]->>输入内容:"mik", 元素描述:UserAddressPageRsrc.LOC_姓名框
[2021-11-03 20:17:22] [INFO] [basepage.py line:64]->>定位元素：('xpath', '//input[@placeholder="电话"]'), 元素描述：UserAddressPageRsrc.LOC_电话框
[2021-11-03 20:17:22] [INFO] [basepage.py line:73]->>元素定位成功:耗时0.036秒!
[2021-11-03 20:17:22] [INFO] [basepage.py line:234]->>输入内容:"17534568778", 元素描述:UserAddressPageRsrc.LOC_电话框
[2021-11-03 20:17:22] [INFO] [basepage.py line:64]->>定位元素：('xpath', '//input[@placeholder="详细地址"]'), 元素描述：UserAddressPageRsrc.LOC_详细地址框
[2021-11-03 20:17:22] [INFO] [basepage.py line:73]->>元素定位成功:耗时0.031秒!
[2021-11-03 20:17:22] [INFO] [basepage.py line:234]->>输入内容:"湖北省武汉市", 元素描述:UserAddressPageRsrc.LOC_详细地址框
[2021-11-03 20:17:23] [INFO] [basepage.py line:39]->>强制等待1s
[2021-11-03 20:17:23] [INFO] [basepage.py line:64]->>定位元素：('xpath', '//span[text()="省份"]'), 元素描述：UserAddressPageRsrc.LOC_省下拉按钮
[2021-11-03 20:17:23] [INFO] [basepage.py line:73]->>元素定位成功:耗时0.026秒!
[2021-11-03 20:17:23] [INFO] [basepage.py line:252]->>点击元素:('xpath', '//span[text()="省份"]'), 元素描述:UserAddressPageRsrc.LOC_省下拉按钮
[2021-11-03 20:17:24] [INFO] [basepage.py line:39]->>强制等待1s
[2021-11-03 20:17:24] [INFO] [basepage.py line:64]->>定位元素：('xpath', '//li[text()="湖北省"]'), 元素描述：UserAddressPageRsrc.LOC_选择省
[2021-11-03 20:17:24] [INFO] [basepage.py line:73]->>元素定位成功:耗时0.022秒!
[2021-11-03 20:17:24] [INFO] [basepage.py line:252]->>点击元素:('xpath', '//li[text()="湖北省"]'), 元素描述:UserAddressPageRsrc.LOC_选择省
[2021-11-03 20:17:25] [INFO] [basepage.py line:39]->>强制等待1s
[2021-11-03 20:17:25] [INFO] [basepage.py line:64]->>定位元素：('xpath', '//span[text()="城市"]'), 元素描述：UserAddressPageRsrc.LOC_市下拉框按钮
[2021-11-03 20:17:25] [INFO] [basepage.py line:73]->>元素定位成功:耗时0.02秒!
[2021-11-03 20:17:25] [INFO] [basepage.py line:252]->>点击元素:('xpath', '//span[text()="城市"]'), 元素描述:UserAddressPageRsrc.LOC_市下拉框按钮
[2021-11-03 20:17:26] [INFO] [basepage.py line:39]->>强制等待1s
[2021-11-03 20:17:26] [INFO] [basepage.py line:64]->>定位元素：('xpath', '//li[text()="武汉市"]'), 元素描述：UserAddressPageRsrc.LOC_选择市
[2021-11-03 20:17:26] [INFO] [basepage.py line:73]->>元素定位成功:耗时0.024秒!
[2021-11-03 20:17:26] [INFO] [basepage.py line:252]->>点击元素:('xpath', '//li[text()="武汉市"]'), 元素描述:UserAddressPageRsrc.LOC_选择市
[2021-11-03 20:17:27] [INFO] [basepage.py line:39]->>强制等待1s
[2021-11-03 20:17:27] [INFO] [basepage.py line:64]->>定位元素：('xpath', '//span[text()="区/县"]'), 元素描述：UserAddressPageRsrc.LOC_区下拉框按钮
[2021-11-03 20:17:27] [INFO] [basepage.py line:73]->>元素定位成功:耗时0.02秒!
[2021-11-03 20:17:27] [INFO] [basepage.py line:252]->>点击元素:('xpath', '//span[text()="区/县"]'), 元素描述:UserAddressPageRsrc.LOC_区下拉框按钮
[2021-11-03 20:17:28] [INFO] [basepage.py line:39]->>强制等待1s
[2021-11-03 20:17:28] [INFO] [basepage.py line:64]->>定位元素：('xpath', '//li[text()="江夏区"]'), 元素描述：UserAddressPageRsrc.LOC_选择区
[2021-11-03 20:17:28] [INFO] [basepage.py line:73]->>元素定位成功:耗时0.026秒!
[2021-11-03 20:17:29] [INFO] [basepage.py line:252]->>点击元素:('xpath', '//li[text()="江夏区"]'), 元素描述:UserAddressPageRsrc.LOC_选择区
[2021-11-03 20:17:29] [INFO] [basepage.py line:64]->>定位元素：('xpath', '//*[text()="保存"]'), 元素描述：UserAddressPageRsrc.LOC_保存按钮
[2021-11-03 20:17:29] [INFO] [basepage.py line:73]->>元素定位成功:耗时0.036秒!
[2021-11-03 20:17:29] [INFO] [basepage.py line:437]->>滚动到元素：('xpath', '//*[text()="保存"]') ,元素描述：UserAddressPageRsrc.LOC_保存按钮
[2021-11-03 20:17:30] [INFO] [basepage.py line:39]->>强制等待1s
[2021-11-03 20:17:30] [INFO] [basepage.py line:64]->>定位元素：('xpath', '//*[text()="保存"]'), 元素描述：UserAddressPageRsrc.LOC_保存按钮
[2021-11-03 20:17:30] [INFO] [basepage.py line:73]->>元素定位成功:耗时0.016秒!
[2021-11-03 20:17:30] [INFO] [basepage.py line:252]->>点击元素:('xpath', '//*[text()="保存"]'), 元素描述:UserAddressPageRsrc.LOC_保存按钮
[2021-11-03 20:17:30] [INFO] [basepage.py line:39]->>强制等待0.5s
[2021-11-03 20:17:30] [INFO] [basepage.py line:64]->>定位元素：('xpath', '//p[@class="prompt-msg"]'), 元素描述：UserAddressPageRsrc.LOC_添加地址结果
[2021-11-03 20:17:30] [INFO] [basepage.py line:73]->>元素定位成功:耗时0.024秒!
[2021-11-03 20:17:30] [INFO] [basepage.py line:299]->>获取文本:"操作成功", 元素描述：UserAddressPageRsrc.LOC_添加地址结果
[2021-11-03 20:17:30] [INFO] [basepage.py line:64]->>定位元素：('xpath', '//p[@class="prompt-msg"]'), 元素描述：UserAddressPageRsrc.LOC_添加地址结果
[2021-11-03 20:17:30] [INFO] [basepage.py line:73]->>元素定位成功:耗时0.026秒!
[2021-11-03 20:17:30] [INFO] [basepage.py line:268]->>元素截图成功,图片路径为:/Users/mac/Desktop/my_code/WebFramework/imgs/2021-11-03-20-17-30.png
[2021-11-03 20:17:33] [INFO] [conftest.py line:60]->>关闭浏览器,并重置driver
[2021-11-03 20:17:34] [INFO] [conftest.py line:70]->>*************** 结束执行用例：test01_add_address ***************
