[2021-11-01 20:19:37] [INFO] [conftest.py line:30]->>开始清理截图和日志文件...
[2021-11-01 20:19:37] [INFO] [clear.py line:19]->>开始清理截图
[2021-11-01 20:19:37] [INFO] [clear.py line:30]->>清除截图完成
[2021-11-01 20:19:37] [INFO] [clear.py line:45]->>开始清理log
[2021-11-01 20:19:37] [INFO] [clear.py line:55]->>log清理完成
[2021-11-01 20:19:37] [INFO] [reader.py line:43]->>加载文件:/Users/mac/Desktop/my_code/WebFramework/data/login_data.yaml
[2021-11-01 20:19:37] [INFO] [reader.py line:43]->>加载文件:/Users/mac/Desktop/my_code/WebFramework/data/login_data.yaml
[2021-11-01 20:19:37] [INFO] [conftest.py line:63]->>*************** 开始执行用例：test01_login ***************
[2021-11-01 20:19:37] [INFO] [browser.py line:107]->>打开chrome浏览器
[2021-11-01 20:19:40] [INFO] [basepage.py line:49]->>导航到:https://maitenghuicai.com/login.html
[2021-11-01 20:19:43] [INFO] [basepage.py line:64]->>定位元素：('xpath', '//input[@name="accounts"]'), 元素描述：LoginPageRsrc.LOC_用户名框
[2021-11-01 20:19:43] [INFO] [basepage.py line:73]->>元素定位成功:耗时0.035秒!
[2021-11-01 20:19:43] [INFO] [basepage.py line:234]->>输入内容:"mik", 元素描述:LoginPageRsrc.LOC_用户名框
[2021-11-01 20:19:43] [INFO] [basepage.py line:64]->>定位元素：('xpath', '//input[@name="pwd"]'), 元素描述：LoginPageRsrc.LOC_密码框
[2021-11-01 20:19:43] [INFO] [basepage.py line:73]->>元素定位成功:耗时0.043秒!
[2021-11-01 20:19:43] [INFO] [basepage.py line:234]->>输入内容:"123456", 元素描述:LoginPageRsrc.LOC_密码框
[2021-11-01 20:19:43] [INFO] [basepage.py line:64]->>定位元素：('xpath', '//input[@name="accounts"]'), 元素描述：LoginPageRsrc.LOC_用户名框
[2021-11-01 20:19:43] [INFO] [basepage.py line:73]->>元素定位成功:耗时0.033秒!
[2021-11-01 20:19:43] [INFO] [basepage.py line:283]->>提交form表单
[2021-11-01 20:19:43] [INFO] [basepage.py line:64]->>定位元素：('xpath', '//p[@class="prompt-msg"]'), 元素描述：LoginPageRsrc.LOC_登陆结果
[2021-11-01 20:19:44] [INFO] [basepage.py line:73]->>元素定位成功:耗时0.56秒!
[2021-11-01 20:19:44] [INFO] [basepage.py line:299]->>获取文本:"登录成功", 元素描述：LoginPageRsrc.LOC_登陆结果
[2021-11-01 20:19:47] [INFO] [conftest.py line:55]->>关闭浏览器,并重置driver
[2021-11-01 20:19:47] [INFO] [conftest.py line:65]->>*************** 结束执行用例：test01_login ***************
[2021-11-01 20:19:47] [INFO] [conftest.py line:63]->>*************** 开始执行用例：test01_login ***************
[2021-11-01 20:19:47] [INFO] [browser.py line:107]->>打开chrome浏览器
[2021-11-01 20:19:49] [INFO] [basepage.py line:49]->>导航到:https://maitenghuicai.com/login.html
[2021-11-01 20:19:52] [INFO] [basepage.py line:64]->>定位元素：('xpath', '//input[@name="accounts"]'), 元素描述：LoginPageRsrc.LOC_用户名框
[2021-11-01 20:19:52] [INFO] [basepage.py line:73]->>元素定位成功:耗时0.031秒!
[2021-11-01 20:19:52] [INFO] [basepage.py line:234]->>输入内容:"mik", 元素描述:LoginPageRsrc.LOC_用户名框
[2021-11-01 20:19:52] [INFO] [basepage.py line:64]->>定位元素：('xpath', '//input[@name="pwd"]'), 元素描述：LoginPageRsrc.LOC_密码框
[2021-11-01 20:19:52] [INFO] [basepage.py line:73]->>元素定位成功:耗时0.05秒!
[2021-11-01 20:19:52] [INFO] [basepage.py line:234]->>输入内容:"abc123456", 元素描述:LoginPageRsrc.LOC_密码框
[2021-11-01 20:19:52] [INFO] [basepage.py line:64]->>定位元素：('xpath', '//input[@name="accounts"]'), 元素描述：LoginPageRsrc.LOC_用户名框
[2021-11-01 20:19:52] [INFO] [basepage.py line:73]->>元素定位成功:耗时0.032秒!
[2021-11-01 20:19:52] [INFO] [basepage.py line:283]->>提交form表单
[2021-11-01 20:19:52] [INFO] [basepage.py line:64]->>定位元素：('xpath', '//p[@class="prompt-msg"]'), 元素描述：LoginPageRsrc.LOC_登陆结果
[2021-11-01 20:19:53] [INFO] [basepage.py line:73]->>元素定位成功:耗时0.568秒!
[2021-11-01 20:19:53] [INFO] [basepage.py line:299]->>获取文本:"密码错误", 元素描述：LoginPageRsrc.LOC_登陆结果
[2021-11-01 20:19:56] [INFO] [conftest.py line:55]->>关闭浏览器,并重置driver
[2021-11-01 20:19:56] [INFO] [conftest.py line:65]->>*************** 结束执行用例：test01_login ***************
[2021-11-01 20:19:56] [INFO] [conftest.py line:63]->>*************** 开始执行用例：test01_login ***************
[2021-11-01 20:19:56] [INFO] [browser.py line:107]->>打开chrome浏览器
[2021-11-01 20:19:58] [INFO] [basepage.py line:49]->>导航到:https://maitenghuicai.com/login.html
[2021-11-01 20:20:00] [INFO] [basepage.py line:64]->>定位元素：('xpath', '//input[@name="accounts"]'), 元素描述：LoginPageRsrc.LOC_用户名框
[2021-11-01 20:20:00] [INFO] [basepage.py line:73]->>元素定位成功:耗时0.027秒!
[2021-11-01 20:20:00] [INFO] [basepage.py line:234]->>输入内容:"mik2232", 元素描述:LoginPageRsrc.LOC_用户名框
[2021-11-01 20:20:00] [INFO] [basepage.py line:64]->>定位元素：('xpath', '//input[@name="pwd"]'), 元素描述：LoginPageRsrc.LOC_密码框
[2021-11-01 20:20:00] [INFO] [basepage.py line:73]->>元素定位成功:耗时0.024秒!
[2021-11-01 20:20:00] [INFO] [basepage.py line:234]->>输入内容:"123456", 元素描述:LoginPageRsrc.LOC_密码框
[2021-11-01 20:20:01] [INFO] [basepage.py line:64]->>定位元素：('xpath', '//input[@name="accounts"]'), 元素描述：LoginPageRsrc.LOC_用户名框
[2021-11-01 20:20:01] [INFO] [basepage.py line:73]->>元素定位成功:耗时0.016秒!
[2021-11-01 20:20:01] [INFO] [basepage.py line:283]->>提交form表单
[2021-11-01 20:20:01] [INFO] [basepage.py line:64]->>定位元素：('xpath', '//p[@class="prompt-msg"]'), 元素描述：LoginPageRsrc.LOC_登陆结果
[2021-11-01 20:20:01] [INFO] [basepage.py line:73]->>元素定位成功:耗时0.529秒!
[2021-11-01 20:20:01] [INFO] [basepage.py line:299]->>获取文本:"登录帐号不存在", 元素描述：LoginPageRsrc.LOC_登陆结果
[2021-11-01 20:20:04] [INFO] [conftest.py line:55]->>关闭浏览器,并重置driver
[2021-11-01 20:20:04] [INFO] [conftest.py line:65]->>*************** 结束执行用例：test01_login ***************
[2021-11-01 20:20:04] [INFO] [conftest.py line:63]->>*************** 开始执行用例：test01_add_address ***************
[2021-11-01 20:20:04] [INFO] [browser.py line:107]->>打开chrome浏览器
[2021-11-01 20:20:07] [INFO] [reader.py line:43]->>加载文件:/Users/mac/Desktop/my_code/WebFramework/data/user_address_info_data.yaml
[2021-11-01 20:20:07] [INFO] [basepage.py line:49]->>导航到:https://maitenghuicai.com/login.html
[2021-11-01 20:20:09] [INFO] [basepage.py line:64]->>定位元素：('xpath', '//input[@name="accounts"]'), 元素描述：LoginPageRsrc.LOC_用户名框
[2021-11-01 20:20:09] [INFO] [basepage.py line:73]->>元素定位成功:耗时0.04秒!
[2021-11-01 20:20:09] [INFO] [basepage.py line:234]->>输入内容:"mik", 元素描述:LoginPageRsrc.LOC_用户名框
[2021-11-01 20:20:09] [INFO] [basepage.py line:64]->>定位元素：('xpath', '//input[@name="pwd"]'), 元素描述：LoginPageRsrc.LOC_密码框
[2021-11-01 20:20:09] [INFO] [basepage.py line:73]->>元素定位成功:耗时0.039秒!
[2021-11-01 20:20:09] [INFO] [basepage.py line:234]->>输入内容:"123456", 元素描述:LoginPageRsrc.LOC_密码框
[2021-11-01 20:20:09] [INFO] [basepage.py line:64]->>定位元素：('xpath', '//input[@name="accounts"]'), 元素描述：LoginPageRsrc.LOC_用户名框
[2021-11-01 20:20:09] [INFO] [basepage.py line:73]->>元素定位成功:耗时0.032秒!
[2021-11-01 20:20:09] [INFO] [basepage.py line:283]->>提交form表单
[2021-11-01 20:20:09] [INFO] [basepage.py line:64]->>定位元素：('xpath', '//p[@class="prompt-msg"]'), 元素描述：LoginPageRsrc.LOC_登陆结果
[2021-11-01 20:20:10] [INFO] [basepage.py line:73]->>元素定位成功:耗时0.549秒!
[2021-11-01 20:20:10] [INFO] [basepage.py line:299]->>获取文本:"登录成功", 元素描述：LoginPageRsrc.LOC_登陆结果
[2021-11-01 20:20:10] [INFO] [basepage.py line:49]->>导航到:https://maitenghuicai.com/useraddress/index.html
[2021-11-01 20:20:11] [INFO] [basepage.py line:64]->>定位元素：('xpath', '//*[@data-popup-title="新增地址"]'), 元素描述：UserAddressPageRsrc.LOC_新增地址按钮
[2021-11-01 20:20:11] [INFO] [basepage.py line:73]->>元素定位成功:耗时0.028秒!
[2021-11-01 20:20:11] [INFO] [basepage.py line:252]->>点击元素:('xpath', '//*[@data-popup-title="新增地址"]'), 元素描述:UserAddressPageRsrc.LOC_新增地址按钮
[2021-11-01 20:20:12] [INFO] [basepage.py line:184]->>frame切换成功
[2021-11-01 20:20:12] [INFO] [basepage.py line:64]->>定位元素：('xpath', '//input[@placeholder="别名"]'), 元素描述：UserAddressPageRsrc.LOC_别名框
[2021-11-01 20:20:12] [INFO] [basepage.py line:73]->>元素定位成功:耗时0.05秒!
[2021-11-01 20:20:12] [INFO] [basepage.py line:234]->>输入内容:"小三", 元素描述:UserAddressPageRsrc.LOC_别名框
[2021-11-01 20:20:12] [INFO] [basepage.py line:64]->>定位元素：('xpath', '//input[@placeholder="姓名"]'), 元素描述：UserAddressPageRsrc.LOC_姓名框
[2021-11-01 20:20:12] [INFO] [basepage.py line:73]->>元素定位成功:耗时0.029秒!
[2021-11-01 20:20:12] [INFO] [basepage.py line:234]->>输入内容:"mik", 元素描述:UserAddressPageRsrc.LOC_姓名框
[2021-11-01 20:20:12] [INFO] [basepage.py line:64]->>定位元素：('xpath', '//input[@placeholder="电话"]'), 元素描述：UserAddressPageRsrc.LOC_电话框
[2021-11-01 20:20:12] [INFO] [basepage.py line:73]->>元素定位成功:耗时0.049秒!
[2021-11-01 20:20:12] [INFO] [basepage.py line:234]->>输入内容:"17534568778", 元素描述:UserAddressPageRsrc.LOC_电话框
[2021-11-01 20:20:12] [INFO] [basepage.py line:64]->>定位元素：('xpath', '//input[@placeholder="详细地址"]'), 元素描述：UserAddressPageRsrc.LOC_详细地址框
[2021-11-01 20:20:12] [INFO] [basepage.py line:73]->>元素定位成功:耗时0.03秒!
[2021-11-01 20:20:12] [INFO] [basepage.py line:234]->>输入内容:"湖北省武汉市", 元素描述:UserAddressPageRsrc.LOC_详细地址框
[2021-11-01 20:20:13] [INFO] [basepage.py line:39]->>强制等待1s
[2021-11-01 20:20:13] [INFO] [basepage.py line:64]->>定位元素：('xpath', '//span[text()="省份"]'), 元素描述：UserAddressPageRsrc.LOC_省下拉按钮
[2021-11-01 20:20:13] [INFO] [basepage.py line:73]->>元素定位成功:耗时0.028秒!
[2021-11-01 20:20:14] [INFO] [basepage.py line:252]->>点击元素:('xpath', '//span[text()="省份"]'), 元素描述:UserAddressPageRsrc.LOC_省下拉按钮
[2021-11-01 20:20:15] [INFO] [basepage.py line:39]->>强制等待1s
[2021-11-01 20:20:15] [INFO] [basepage.py line:64]->>定位元素：('xpath', '//li[text()="湖北省"]'), 元素描述：UserAddressPageRsrc.LOC_选择省
[2021-11-01 20:20:15] [INFO] [basepage.py line:73]->>元素定位成功:耗时0.021秒!
[2021-11-01 20:20:15] [INFO] [basepage.py line:252]->>点击元素:('xpath', '//li[text()="湖北省"]'), 元素描述:UserAddressPageRsrc.LOC_选择省
[2021-11-01 20:20:16] [INFO] [basepage.py line:39]->>强制等待1s
[2021-11-01 20:20:16] [INFO] [basepage.py line:64]->>定位元素：('xpath', '//span[text()="城市"]'), 元素描述：UserAddressPageRsrc.LOC_市下拉框按钮
[2021-11-01 20:20:16] [INFO] [basepage.py line:73]->>元素定位成功:耗时0.207秒!
[2021-11-01 20:20:16] [INFO] [basepage.py line:252]->>点击元素:('xpath', '//span[text()="城市"]'), 元素描述:UserAddressPageRsrc.LOC_市下拉框按钮
[2021-11-01 20:20:17] [INFO] [basepage.py line:39]->>强制等待1s
[2021-11-01 20:20:17] [INFO] [basepage.py line:64]->>定位元素：('xpath', '//li[text()="武汉市"]'), 元素描述：UserAddressPageRsrc.LOC_选择市
[2021-11-01 20:20:17] [INFO] [basepage.py line:73]->>元素定位成功:耗时0.021秒!
[2021-11-01 20:20:17] [INFO] [basepage.py line:252]->>点击元素:('xpath', '//li[text()="武汉市"]'), 元素描述:UserAddressPageRsrc.LOC_选择市
[2021-11-01 20:20:18] [INFO] [basepage.py line:39]->>强制等待1s
[2021-11-01 20:20:18] [INFO] [basepage.py line:64]->>定位元素：('xpath', '//span[text()="区/县"]'), 元素描述：UserAddressPageRsrc.LOC_区下拉框按钮
[2021-11-01 20:20:18] [INFO] [basepage.py line:73]->>元素定位成功:耗时0.02秒!
[2021-11-01 20:20:18] [INFO] [basepage.py line:252]->>点击元素:('xpath', '//span[text()="区/县"]'), 元素描述:UserAddressPageRsrc.LOC_区下拉框按钮
[2021-11-01 20:20:19] [INFO] [basepage.py line:39]->>强制等待1s
[2021-11-01 20:20:19] [INFO] [basepage.py line:64]->>定位元素：('xpath', '//li[text()="江夏区"]'), 元素描述：UserAddressPageRsrc.LOC_选择区
[2021-11-01 20:20:19] [INFO] [basepage.py line:73]->>元素定位成功:耗时0.02秒!
[2021-11-01 20:20:19] [INFO] [basepage.py line:252]->>点击元素:('xpath', '//li[text()="江夏区"]'), 元素描述:UserAddressPageRsrc.LOC_选择区
[2021-11-01 20:20:19] [INFO] [basepage.py line:64]->>定位元素：('xpath', '//*[text()="保存"]'), 元素描述：UserAddressPageRsrc.LOC_保存按钮
[2021-11-01 20:20:19] [INFO] [basepage.py line:73]->>元素定位成功:耗时0.019秒!
[2021-11-01 20:20:19] [INFO] [basepage.py line:437]->>滚动到元素：('xpath', '//*[text()="保存"]') ,元素描述：UserAddressPageRsrc.LOC_保存按钮
[2021-11-01 20:20:20] [INFO] [basepage.py line:39]->>强制等待1s
[2021-11-01 20:20:20] [INFO] [basepage.py line:64]->>定位元素：('xpath', '//*[text()="保存"]'), 元素描述：UserAddressPageRsrc.LOC_保存按钮
[2021-11-01 20:20:20] [INFO] [basepage.py line:73]->>元素定位成功:耗时0.017秒!
[2021-11-01 20:20:20] [INFO] [basepage.py line:252]->>点击元素:('xpath', '//*[text()="保存"]'), 元素描述:UserAddressPageRsrc.LOC_保存按钮
[2021-11-01 20:20:21] [INFO] [basepage.py line:39]->>强制等待0.5s
[2021-11-01 20:20:21] [INFO] [basepage.py line:64]->>定位元素：('xpath', '//p[@class="prompt-msg"]'), 元素描述：UserAddressPageRsrc.LOC_添加地址结果
[2021-11-01 20:20:21] [INFO] [basepage.py line:73]->>元素定位成功:耗时0.02秒!
[2021-11-01 20:20:21] [INFO] [basepage.py line:299]->>获取文本:"操作成功", 元素描述：UserAddressPageRsrc.LOC_添加地址结果
[2021-11-01 20:20:21] [INFO] [basepage.py line:64]->>定位元素：('xpath', '//p[@class="prompt-msg"]'), 元素描述：UserAddressPageRsrc.LOC_添加地址结果
[2021-11-01 20:20:21] [INFO] [basepage.py line:73]->>元素定位成功:耗时0.013秒!
[2021-11-01 20:20:22] [INFO] [basepage.py line:268]->>元素截图成功,图片路径为:/Users/mac/Desktop/my_code/WebFramework/imgs/2021-11-01-20-20-21.png
[2021-11-01 20:20:25] [INFO] [conftest.py line:55]->>关闭浏览器,并重置driver
[2021-11-01 20:20:25] [INFO] [conftest.py line:65]->>*************** 结束执行用例：test01_add_address ***************
