[2021-10-30 11:07:37] [INFO] [conftest.py line:30]->>开始清理截图和日志文件...
[2021-10-30 11:07:37] [INFO] [clear.py line:19]->>开始清理截图
[2021-10-30 11:07:37] [INFO] [clear.py line:30]->>清除截图完成
[2021-10-30 11:07:37] [INFO] [clear.py line:45]->>开始清理log
[2021-10-30 11:07:37] [INFO] [clear.py line:55]->>log清理完成
[2021-10-30 11:07:37] [INFO] [file_reader.py line:43]->>加载文件:/Users/mac/Desktop/my_code/WebFramework/data/login_data.yaml
[2021-10-30 11:07:37] [INFO] [file_reader.py line:43]->>加载文件:/Users/mac/Desktop/my_code/WebFramework/data/login_data.yaml
[2021-10-30 11:07:37] [INFO] [conftest.py line:63]->>*************** 开始执行用例：test01_login ***************
[2021-10-30 11:07:37] [INFO] [browser.py line:117]->>打开chrome浏览器
[2021-10-30 11:07:39] [INFO] [basepage.py line:49]->>导航到:https://maitenghuicai.com/login.html
[2021-10-30 11:07:41] [INFO] [basepage.py line:64]->>定位元素：('xpath', '//input[@name="accounts"]'), 元素描述：Login.LOC_用户名框
[2021-10-30 11:07:41] [INFO] [basepage.py line:73]->>元素定位成功:耗时0.036秒!
[2021-10-30 11:07:41] [INFO] [basepage.py line:233]->>输入内容:"mik", 元素描述:Login.LOC_用户名框
[2021-10-30 11:07:42] [INFO] [basepage.py line:64]->>定位元素：('xpath', '//input[@name="pwd"]'), 元素描述：Login.LOC_密码框
[2021-10-30 11:07:42] [INFO] [basepage.py line:73]->>元素定位成功:耗时0.027秒!
[2021-10-30 11:07:42] [INFO] [basepage.py line:233]->>输入内容:"123456", 元素描述:Login.LOC_密码框
[2021-10-30 11:07:42] [INFO] [basepage.py line:64]->>定位元素：('xpath', '//input[@name="accounts"]'), 元素描述：Login.LOC_用户名框
[2021-10-30 11:07:42] [INFO] [basepage.py line:73]->>元素定位成功:耗时0.02秒!
[2021-10-30 11:07:42] [INFO] [basepage.py line:282]->>提交form表单
[2021-10-30 11:07:42] [INFO] [basepage.py line:64]->>定位元素：('xpath', '//p[@class="prompt-msg"]'), 元素描述：Login.LOC_登陆结果
[2021-10-30 11:07:42] [INFO] [basepage.py line:73]->>元素定位成功:耗时0.539秒!
[2021-10-30 11:07:42] [INFO] [basepage.py line:298]->>获取文本:"登录成功", 元素描述：Login.LOC_登陆结果
[2021-10-30 11:07:45] [INFO] [conftest.py line:55]->>关闭浏览器,并重置driver
[2021-10-30 11:07:45] [INFO] [conftest.py line:65]->>*************** 结束执行用例：test01_login ***************
[2021-10-30 11:07:45] [INFO] [conftest.py line:63]->>*************** 开始执行用例：test01_login ***************
[2021-10-30 11:07:45] [INFO] [browser.py line:117]->>打开chrome浏览器
[2021-10-30 11:07:48] [INFO] [basepage.py line:49]->>导航到:https://maitenghuicai.com/login.html
[2021-10-30 11:07:50] [INFO] [basepage.py line:64]->>定位元素：('xpath', '//input[@name="accounts"]'), 元素描述：Login.LOC_用户名框
[2021-10-30 11:07:50] [INFO] [basepage.py line:73]->>元素定位成功:耗时0.032秒!
[2021-10-30 11:07:50] [INFO] [basepage.py line:233]->>输入内容:"mik", 元素描述:Login.LOC_用户名框
[2021-10-30 11:07:50] [INFO] [basepage.py line:64]->>定位元素：('xpath', '//input[@name="pwd"]'), 元素描述：Login.LOC_密码框
[2021-10-30 11:07:50] [INFO] [basepage.py line:73]->>元素定位成功:耗时0.029秒!
[2021-10-30 11:07:50] [INFO] [basepage.py line:233]->>输入内容:"abc123456", 元素描述:Login.LOC_密码框
[2021-10-30 11:07:50] [INFO] [basepage.py line:64]->>定位元素：('xpath', '//input[@name="accounts"]'), 元素描述：Login.LOC_用户名框
[2021-10-30 11:07:50] [INFO] [basepage.py line:73]->>元素定位成功:耗时0.017秒!
[2021-10-30 11:07:50] [INFO] [basepage.py line:282]->>提交form表单
[2021-10-30 11:07:50] [INFO] [basepage.py line:64]->>定位元素：('xpath', '//p[@class="prompt-msg"]'), 元素描述：Login.LOC_登陆结果
[2021-10-30 11:07:51] [INFO] [basepage.py line:73]->>元素定位成功:耗时0.552秒!
[2021-10-30 11:07:51] [INFO] [basepage.py line:298]->>获取文本:"密码错误", 元素描述：Login.LOC_登陆结果
[2021-10-30 11:07:54] [INFO] [conftest.py line:55]->>关闭浏览器,并重置driver
[2021-10-30 11:07:54] [INFO] [conftest.py line:65]->>*************** 结束执行用例：test01_login ***************
[2021-10-30 11:07:54] [INFO] [conftest.py line:63]->>*************** 开始执行用例：test01_login ***************
[2021-10-30 11:07:54] [INFO] [browser.py line:117]->>打开chrome浏览器
[2021-10-30 11:07:56] [INFO] [basepage.py line:49]->>导航到:https://maitenghuicai.com/login.html
[2021-10-30 11:07:58] [INFO] [basepage.py line:64]->>定位元素：('xpath', '//input[@name="accounts"]'), 元素描述：Login.LOC_用户名框
[2021-10-30 11:07:59] [INFO] [basepage.py line:73]->>元素定位成功:耗时0.029秒!
[2021-10-30 11:07:59] [INFO] [basepage.py line:233]->>输入内容:"mik2232", 元素描述:Login.LOC_用户名框
[2021-10-30 11:07:59] [INFO] [basepage.py line:64]->>定位元素：('xpath', '//input[@name="pwd"]'), 元素描述：Login.LOC_密码框
[2021-10-30 11:07:59] [INFO] [basepage.py line:73]->>元素定位成功:耗时0.032秒!
[2021-10-30 11:07:59] [INFO] [basepage.py line:233]->>输入内容:"123456", 元素描述:Login.LOC_密码框
[2021-10-30 11:07:59] [INFO] [basepage.py line:64]->>定位元素：('xpath', '//input[@name="accounts"]'), 元素描述：Login.LOC_用户名框
[2021-10-30 11:07:59] [INFO] [basepage.py line:73]->>元素定位成功:耗时0.021秒!
[2021-10-30 11:07:59] [INFO] [basepage.py line:282]->>提交form表单
[2021-10-30 11:07:59] [INFO] [basepage.py line:64]->>定位元素：('xpath', '//p[@class="prompt-msg"]'), 元素描述：Login.LOC_登陆结果
[2021-10-30 11:07:59] [INFO] [basepage.py line:73]->>元素定位成功:耗时0.544秒!
[2021-10-30 11:07:59] [INFO] [basepage.py line:298]->>获取文本:"登录帐号不存在", 元素描述：Login.LOC_登陆结果
[2021-10-30 11:08:02] [INFO] [conftest.py line:55]->>关闭浏览器,并重置driver
[2021-10-30 11:08:03] [INFO] [conftest.py line:65]->>*************** 结束执行用例：test01_login ***************
[2021-10-30 11:08:03] [INFO] [conftest.py line:63]->>*************** 开始执行用例：test01_add_address ***************
[2021-10-30 11:08:03] [INFO] [browser.py line:117]->>打开chrome浏览器
[2021-10-30 11:08:05] [INFO] [file_reader.py line:43]->>加载文件:/Users/mac/Desktop/my_code/WebFramework/data/user_address_info_data.yaml
[2021-10-30 11:08:05] [INFO] [basepage.py line:49]->>导航到:https://maitenghuicai.com/login.html
[2021-10-30 11:08:07] [INFO] [basepage.py line:64]->>定位元素：('xpath', '//input[@name="accounts"]'), 元素描述：Login.LOC_用户名框
[2021-10-30 11:08:07] [INFO] [basepage.py line:73]->>元素定位成功:耗时0.029秒!
[2021-10-30 11:08:07] [INFO] [basepage.py line:233]->>输入内容:"mik", 元素描述:Login.LOC_用户名框
[2021-10-30 11:08:07] [INFO] [basepage.py line:64]->>定位元素：('xpath', '//input[@name="pwd"]'), 元素描述：Login.LOC_密码框
[2021-10-30 11:08:07] [INFO] [basepage.py line:73]->>元素定位成功:耗时0.028秒!
[2021-10-30 11:08:07] [INFO] [basepage.py line:233]->>输入内容:"123456", 元素描述:Login.LOC_密码框
[2021-10-30 11:08:07] [INFO] [basepage.py line:64]->>定位元素：('xpath', '//input[@name="accounts"]'), 元素描述：Login.LOC_用户名框
[2021-10-30 11:08:07] [INFO] [basepage.py line:73]->>元素定位成功:耗时0.028秒!
[2021-10-30 11:08:07] [INFO] [basepage.py line:282]->>提交form表单
[2021-10-30 11:08:07] [INFO] [basepage.py line:64]->>定位元素：('xpath', '//p[@class="prompt-msg"]'), 元素描述：Login.LOC_登陆结果
[2021-10-30 11:08:08] [INFO] [basepage.py line:73]->>元素定位成功:耗时0.541秒!
[2021-10-30 11:08:08] [INFO] [basepage.py line:298]->>获取文本:"登录成功", 元素描述：Login.LOC_登陆结果
[2021-10-30 11:08:08] [INFO] [basepage.py line:49]->>导航到:https://maitenghuicai.com/useraddress/index.html
[2021-10-30 11:08:09] [INFO] [basepage.py line:64]->>定位元素：('xpath', '//*[@data-popup-title="新增地址"]'), 元素描述：UserAddress.LOC_新增地址按钮
[2021-10-30 11:08:09] [INFO] [basepage.py line:73]->>元素定位成功:耗时0.026秒!
[2021-10-30 11:08:09] [INFO] [basepage.py line:251]->>点击元素:('xpath', '//*[@data-popup-title="新增地址"]'), 元素描述:UserAddress.LOC_新增地址按钮
[2021-10-30 11:08:09] [INFO] [basepage.py line:184]->>frame切换成功
[2021-10-30 11:08:09] [INFO] [basepage.py line:64]->>定位元素：('xpath', '//input[@placeholder="别名"]'), 元素描述：UserAddress.LOC_别名框
[2021-10-30 11:08:10] [INFO] [basepage.py line:73]->>元素定位成功:耗时0.027秒!
[2021-10-30 11:08:10] [INFO] [basepage.py line:233]->>输入内容:"小三", 元素描述:UserAddress.LOC_别名框
[2021-10-30 11:08:10] [INFO] [basepage.py line:64]->>定位元素：('xpath', '//input[@placeholder="姓名"]'), 元素描述：UserAddress.LOC_姓名框
[2021-10-30 11:08:10] [INFO] [basepage.py line:73]->>元素定位成功:耗时0.026秒!
[2021-10-30 11:08:10] [INFO] [basepage.py line:233]->>输入内容:"mik", 元素描述:UserAddress.LOC_姓名框
[2021-10-30 11:08:10] [INFO] [basepage.py line:64]->>定位元素：('xpath', '//input[@placeholder="电话"]'), 元素描述：UserAddress.LOC_电话框
[2021-10-30 11:08:10] [INFO] [basepage.py line:73]->>元素定位成功:耗时0.025秒!
[2021-10-30 11:08:10] [INFO] [basepage.py line:233]->>输入内容:"17534568778", 元素描述:UserAddress.LOC_电话框
[2021-10-30 11:08:10] [INFO] [basepage.py line:64]->>定位元素：('xpath', '//input[@placeholder="详细地址"]'), 元素描述：UserAddress.LOC_详细地址框
[2021-10-30 11:08:10] [INFO] [basepage.py line:73]->>元素定位成功:耗时0.029秒!
[2021-10-30 11:08:10] [INFO] [basepage.py line:233]->>输入内容:"湖北省武汉市", 元素描述:UserAddress.LOC_详细地址框
[2021-10-30 11:08:11] [INFO] [basepage.py line:39]->>强制等待1s
[2021-10-30 11:08:11] [INFO] [basepage.py line:64]->>定位元素：('xpath', '//span[text()="省份"]'), 元素描述：UserAddress.LOC_省下拉按钮
[2021-10-30 11:08:11] [INFO] [basepage.py line:73]->>元素定位成功:耗时0.022秒!
[2021-10-30 11:08:11] [INFO] [basepage.py line:251]->>点击元素:('xpath', '//span[text()="省份"]'), 元素描述:UserAddress.LOC_省下拉按钮
[2021-10-30 11:08:12] [INFO] [basepage.py line:39]->>强制等待1s
[2021-10-30 11:08:12] [INFO] [basepage.py line:64]->>定位元素：('xpath', '//li[text()="湖北省"]'), 元素描述：UserAddress.LOC_选择省
[2021-10-30 11:08:12] [INFO] [basepage.py line:73]->>元素定位成功:耗时0.022秒!
[2021-10-30 11:08:12] [INFO] [basepage.py line:251]->>点击元素:('xpath', '//li[text()="湖北省"]'), 元素描述:UserAddress.LOC_选择省
[2021-10-30 11:08:13] [INFO] [basepage.py line:39]->>强制等待1s
[2021-10-30 11:08:13] [INFO] [basepage.py line:64]->>定位元素：('xpath', '//span[text()="城市"]'), 元素描述：UserAddress.LOC_市下拉框按钮
[2021-10-30 11:08:13] [INFO] [basepage.py line:73]->>元素定位成功:耗时0.02秒!
[2021-10-30 11:08:13] [INFO] [basepage.py line:251]->>点击元素:('xpath', '//span[text()="城市"]'), 元素描述:UserAddress.LOC_市下拉框按钮
[2021-10-30 11:08:14] [INFO] [basepage.py line:39]->>强制等待1s
[2021-10-30 11:08:14] [INFO] [basepage.py line:64]->>定位元素：('xpath', '//li[text()="武汉市"]'), 元素描述：UserAddress.LOC_选择市
[2021-10-30 11:08:14] [INFO] [basepage.py line:73]->>元素定位成功:耗时0.02秒!
[2021-10-30 11:08:14] [INFO] [basepage.py line:251]->>点击元素:('xpath', '//li[text()="武汉市"]'), 元素描述:UserAddress.LOC_选择市
[2021-10-30 11:08:15] [INFO] [basepage.py line:39]->>强制等待1s
[2021-10-30 11:08:15] [INFO] [basepage.py line:64]->>定位元素：('xpath', '//span[text()="区/县"]'), 元素描述：UserAddress.LOC_区下拉框按钮
[2021-10-30 11:08:16] [INFO] [basepage.py line:73]->>元素定位成功:耗时0.021秒!
[2021-10-30 11:08:16] [INFO] [basepage.py line:251]->>点击元素:('xpath', '//span[text()="区/县"]'), 元素描述:UserAddress.LOC_区下拉框按钮
[2021-10-30 11:08:17] [INFO] [basepage.py line:39]->>强制等待1s
[2021-10-30 11:08:17] [INFO] [basepage.py line:64]->>定位元素：('xpath', '//li[text()="江夏区"]'), 元素描述：UserAddress.LOC_选择区
[2021-10-30 11:08:17] [INFO] [basepage.py line:73]->>元素定位成功:耗时0.02秒!
[2021-10-30 11:08:17] [INFO] [basepage.py line:251]->>点击元素:('xpath', '//li[text()="江夏区"]'), 元素描述:UserAddress.LOC_选择区
[2021-10-30 11:08:17] [INFO] [basepage.py line:64]->>定位元素：('xpath', '//*[text()="保存"]'), 元素描述：UserAddress.LOC_保存按钮
[2021-10-30 11:08:17] [INFO] [basepage.py line:73]->>元素定位成功:耗时0.024秒!
[2021-10-30 11:08:17] [INFO] [basepage.py line:436]->>滚动到元素：('xpath', '//*[text()="保存"]') ,元素描述：UserAddress.LOC_保存按钮
[2021-10-30 11:08:18] [INFO] [basepage.py line:39]->>强制等待1s
[2021-10-30 11:08:18] [INFO] [basepage.py line:64]->>定位元素：('xpath', '//*[text()="保存"]'), 元素描述：UserAddress.LOC_保存按钮
[2021-10-30 11:08:18] [INFO] [basepage.py line:73]->>元素定位成功:耗时0.016秒!
[2021-10-30 11:08:18] [INFO] [basepage.py line:251]->>点击元素:('xpath', '//*[text()="保存"]'), 元素描述:UserAddress.LOC_保存按钮
[2021-10-30 11:08:18] [INFO] [basepage.py line:39]->>强制等待0.5s
[2021-10-30 11:08:18] [INFO] [basepage.py line:64]->>定位元素：('xpath', '//p[@class="prompt-msg"]'), 元素描述：UserAddress.LOC_添加地址结果
[2021-10-30 11:08:18] [INFO] [basepage.py line:73]->>元素定位成功:耗时0.022秒!
[2021-10-30 11:08:18] [INFO] [basepage.py line:298]->>获取文本:"操作成功", 元素描述：UserAddress.LOC_添加地址结果
[2021-10-30 11:08:18] [INFO] [basepage.py line:64]->>定位元素：('xpath', '//p[@class="prompt-msg"]'), 元素描述：UserAddress.LOC_添加地址结果
[2021-10-30 11:08:18] [INFO] [basepage.py line:73]->>元素定位成功:耗时0.014秒!
[2021-10-30 11:08:19] [INFO] [basepage.py line:267]->>元素截图成功,图片路径为:/Users/mac/Desktop/my_code/WebFramework/imgs/2021-10-30-11-08-18.png
[2021-10-30 11:08:22] [INFO] [conftest.py line:55]->>关闭浏览器,并重置driver
[2021-10-30 11:08:22] [INFO] [conftest.py line:65]->>*************** 结束执行用例：test01_add_address ***************
