[2021-11-01 20:07:28] [INFO] [conftest.py line:30]->>开始清理截图和日志文件...
[2021-11-01 20:07:28] [INFO] [clear.py line:19]->>开始清理截图
[2021-11-01 20:07:28] [INFO] [clear.py line:30]->>清除截图完成
[2021-11-01 20:07:28] [INFO] [clear.py line:45]->>开始清理log
[2021-11-01 20:07:28] [INFO] [clear.py line:55]->>log清理完成
[2021-11-01 20:07:28] [INFO] [file_reader.py line:43]->>加载文件:/Users/mac/Desktop/my_code/WebFramework/data/login_data.yaml
[2021-11-01 20:07:28] [INFO] [file_reader.py line:43]->>加载文件:/Users/mac/Desktop/my_code/WebFramework/data/login_data.yaml
[2021-11-01 20:07:28] [INFO] [conftest.py line:63]->>*************** 开始执行用例：test01_login ***************
[2021-11-01 20:07:28] [INFO] [browser.py line:107]->>打开chrome浏览器
[2021-11-01 20:07:31] [INFO] [basepage.py line:49]->>导航到:https://maitenghuicai.com/login.html
[2021-11-01 20:07:34] [INFO] [basepage.py line:64]->>定位元素：('xpath', '//input[@name="accounts"]'), 元素描述：LoginPageRsrc.LOC_用户名框
[2021-11-01 20:07:34] [INFO] [basepage.py line:73]->>元素定位成功:耗时0.04秒!
[2021-11-01 20:07:34] [INFO] [basepage.py line:234]->>输入内容:"mik", 元素描述:LoginPageRsrc.LOC_用户名框
[2021-11-01 20:07:34] [INFO] [basepage.py line:64]->>定位元素：('xpath', '//input[@name="pwd"]'), 元素描述：LoginPageRsrc.LOC_密码框
[2021-11-01 20:07:34] [INFO] [basepage.py line:73]->>元素定位成功:耗时0.037秒!
[2021-11-01 20:07:34] [INFO] [basepage.py line:234]->>输入内容:"123456", 元素描述:LoginPageRsrc.LOC_密码框
[2021-11-01 20:07:34] [INFO] [basepage.py line:64]->>定位元素：('xpath', '//input[@name="accounts"]'), 元素描述：LoginPageRsrc.LOC_用户名框
[2021-11-01 20:07:34] [INFO] [basepage.py line:73]->>元素定位成功:耗时0.019秒!
[2021-11-01 20:07:34] [INFO] [basepage.py line:283]->>提交form表单
[2021-11-01 20:07:34] [INFO] [basepage.py line:64]->>定位元素：('xpath', '//p[@class="prompt-msg"]'), 元素描述：LoginPageRsrc.LOC_登陆结果
[2021-11-01 20:07:35] [INFO] [basepage.py line:73]->>元素定位成功:耗时0.559秒!
[2021-11-01 20:07:35] [INFO] [basepage.py line:299]->>获取文本:"登录成功", 元素描述：LoginPageRsrc.LOC_登陆结果
[2021-11-01 20:07:38] [INFO] [conftest.py line:55]->>关闭浏览器,并重置driver
[2021-11-01 20:07:38] [INFO] [conftest.py line:65]->>*************** 结束执行用例：test01_login ***************
[2021-11-01 20:07:38] [INFO] [conftest.py line:63]->>*************** 开始执行用例：test01_login ***************
[2021-11-01 20:07:38] [INFO] [browser.py line:107]->>打开chrome浏览器
[2021-11-01 20:07:40] [INFO] [basepage.py line:49]->>导航到:https://maitenghuicai.com/login.html
[2021-11-01 20:07:44] [INFO] [basepage.py line:64]->>定位元素：('xpath', '//input[@name="accounts"]'), 元素描述：LoginPageRsrc.LOC_用户名框
[2021-11-01 20:07:45] [INFO] [basepage.py line:73]->>元素定位成功:耗时0.03秒!
[2021-11-01 20:07:45] [INFO] [basepage.py line:234]->>输入内容:"mik", 元素描述:LoginPageRsrc.LOC_用户名框
[2021-11-01 20:07:45] [INFO] [basepage.py line:64]->>定位元素：('xpath', '//input[@name="pwd"]'), 元素描述：LoginPageRsrc.LOC_密码框
[2021-11-01 20:07:45] [INFO] [basepage.py line:73]->>元素定位成功:耗时0.034秒!
[2021-11-01 20:07:45] [INFO] [basepage.py line:234]->>输入内容:"abc123456", 元素描述:LoginPageRsrc.LOC_密码框
[2021-11-01 20:07:45] [INFO] [basepage.py line:64]->>定位元素：('xpath', '//input[@name="accounts"]'), 元素描述：LoginPageRsrc.LOC_用户名框
[2021-11-01 20:07:45] [INFO] [basepage.py line:73]->>元素定位成功:耗时0.024秒!
[2021-11-01 20:07:45] [INFO] [basepage.py line:283]->>提交form表单
[2021-11-01 20:07:45] [INFO] [basepage.py line:64]->>定位元素：('xpath', '//p[@class="prompt-msg"]'), 元素描述：LoginPageRsrc.LOC_登陆结果
[2021-11-01 20:07:45] [INFO] [basepage.py line:73]->>元素定位成功:耗时0.545秒!
[2021-11-01 20:07:45] [INFO] [basepage.py line:299]->>获取文本:"密码错误", 元素描述：LoginPageRsrc.LOC_登陆结果
[2021-11-01 20:07:48] [INFO] [conftest.py line:55]->>关闭浏览器,并重置driver
[2021-11-01 20:07:49] [INFO] [conftest.py line:65]->>*************** 结束执行用例：test01_login ***************
[2021-11-01 20:07:49] [INFO] [conftest.py line:63]->>*************** 开始执行用例：test01_login ***************
[2021-11-01 20:07:49] [INFO] [browser.py line:107]->>打开chrome浏览器
[2021-11-01 20:07:51] [INFO] [basepage.py line:49]->>导航到:https://maitenghuicai.com/login.html
[2021-11-01 20:07:53] [INFO] [basepage.py line:64]->>定位元素：('xpath', '//input[@name="accounts"]'), 元素描述：LoginPageRsrc.LOC_用户名框
[2021-11-01 20:07:53] [INFO] [basepage.py line:73]->>元素定位成功:耗时0.036秒!
[2021-11-01 20:07:53] [INFO] [basepage.py line:234]->>输入内容:"mik2232", 元素描述:LoginPageRsrc.LOC_用户名框
[2021-11-01 20:07:54] [INFO] [basepage.py line:64]->>定位元素：('xpath', '//input[@name="pwd"]'), 元素描述：LoginPageRsrc.LOC_密码框
[2021-11-01 20:07:54] [INFO] [basepage.py line:73]->>元素定位成功:耗时0.035秒!
[2021-11-01 20:07:54] [INFO] [basepage.py line:234]->>输入内容:"123456", 元素描述:LoginPageRsrc.LOC_密码框
[2021-11-01 20:07:54] [INFO] [basepage.py line:64]->>定位元素：('xpath', '//input[@name="accounts"]'), 元素描述：LoginPageRsrc.LOC_用户名框
[2021-11-01 20:07:54] [INFO] [basepage.py line:73]->>元素定位成功:耗时0.02秒!
[2021-11-01 20:07:54] [INFO] [basepage.py line:283]->>提交form表单
[2021-11-01 20:07:54] [INFO] [basepage.py line:64]->>定位元素：('xpath', '//p[@class="prompt-msg"]'), 元素描述：LoginPageRsrc.LOC_登陆结果
[2021-11-01 20:07:54] [INFO] [basepage.py line:73]->>元素定位成功:耗时0.548秒!
[2021-11-01 20:07:54] [INFO] [basepage.py line:299]->>获取文本:"登录帐号不存在", 元素描述：LoginPageRsrc.LOC_登陆结果
[2021-11-01 20:07:57] [INFO] [conftest.py line:55]->>关闭浏览器,并重置driver
[2021-11-01 20:07:57] [INFO] [conftest.py line:65]->>*************** 结束执行用例：test01_login ***************
[2021-11-01 20:07:57] [INFO] [conftest.py line:63]->>*************** 开始执行用例：test01_add_address ***************
[2021-11-01 20:07:57] [INFO] [browser.py line:107]->>打开chrome浏览器
[2021-11-01 20:08:00] [INFO] [file_reader.py line:43]->>加载文件:/Users/mac/Desktop/my_code/WebFramework/data/user_address_info_data.yaml
[2021-11-01 20:08:00] [INFO] [basepage.py line:49]->>导航到:https://maitenghuicai.com/login.html
[2021-11-01 20:08:02] [INFO] [basepage.py line:64]->>定位元素：('xpath', '//input[@name="accounts"]'), 元素描述：LoginPageRsrc.LOC_用户名框
[2021-11-01 20:08:02] [INFO] [basepage.py line:73]->>元素定位成功:耗时0.034秒!
[2021-11-01 20:08:02] [INFO] [basepage.py line:234]->>输入内容:"mik", 元素描述:LoginPageRsrc.LOC_用户名框
[2021-11-01 20:08:02] [INFO] [basepage.py line:64]->>定位元素：('xpath', '//input[@name="pwd"]'), 元素描述：LoginPageRsrc.LOC_密码框
[2021-11-01 20:08:02] [INFO] [basepage.py line:73]->>元素定位成功:耗时0.038秒!
[2021-11-01 20:08:02] [INFO] [basepage.py line:234]->>输入内容:"123456", 元素描述:LoginPageRsrc.LOC_密码框
[2021-11-01 20:08:02] [INFO] [basepage.py line:64]->>定位元素：('xpath', '//input[@name="accounts"]'), 元素描述：LoginPageRsrc.LOC_用户名框
[2021-11-01 20:08:03] [INFO] [basepage.py line:73]->>元素定位成功:耗时0.027秒!
[2021-11-01 20:08:03] [INFO] [basepage.py line:283]->>提交form表单
[2021-11-01 20:08:03] [INFO] [basepage.py line:64]->>定位元素：('xpath', '//p[@class="prompt-msg"]'), 元素描述：LoginPageRsrc.LOC_登陆结果
[2021-11-01 20:08:03] [INFO] [basepage.py line:73]->>元素定位成功:耗时0.557秒!
[2021-11-01 20:08:03] [INFO] [basepage.py line:299]->>获取文本:"登录成功", 元素描述：LoginPageRsrc.LOC_登陆结果
[2021-11-01 20:08:03] [INFO] [basepage.py line:49]->>导航到:https://maitenghuicai.com/useraddress/index.html
[2021-11-01 20:08:04] [INFO] [basepage.py line:64]->>定位元素：('xpath', '//*[@data-popup-title="新增地址"]'), 元素描述：UserAddressPageRsrc.LOC_新增地址按钮
[2021-11-01 20:08:04] [INFO] [basepage.py line:73]->>元素定位成功:耗时0.029秒!
[2021-11-01 20:08:04] [INFO] [basepage.py line:252]->>点击元素:('xpath', '//*[@data-popup-title="新增地址"]'), 元素描述:UserAddressPageRsrc.LOC_新增地址按钮
[2021-11-01 20:08:05] [INFO] [basepage.py line:184]->>frame切换成功
[2021-11-01 20:08:05] [INFO] [basepage.py line:64]->>定位元素：('xpath', '//input[@placeholder="别名"]'), 元素描述：UserAddressPageRsrc.LOC_别名框
[2021-11-01 20:08:05] [INFO] [basepage.py line:73]->>元素定位成功:耗时0.02秒!
[2021-11-01 20:08:05] [INFO] [basepage.py line:234]->>输入内容:"小三", 元素描述:UserAddressPageRsrc.LOC_别名框
[2021-11-01 20:08:05] [INFO] [basepage.py line:64]->>定位元素：('xpath', '//input[@placeholder="姓名"]'), 元素描述：UserAddressPageRsrc.LOC_姓名框
[2021-11-01 20:08:05] [INFO] [basepage.py line:73]->>元素定位成功:耗时0.028秒!
[2021-11-01 20:08:05] [INFO] [basepage.py line:234]->>输入内容:"mik", 元素描述:UserAddressPageRsrc.LOC_姓名框
[2021-11-01 20:08:05] [INFO] [basepage.py line:64]->>定位元素：('xpath', '//input[@placeholder="电话"]'), 元素描述：UserAddressPageRsrc.LOC_电话框
[2021-11-01 20:08:05] [INFO] [basepage.py line:73]->>元素定位成功:耗时0.029秒!
[2021-11-01 20:08:05] [INFO] [basepage.py line:234]->>输入内容:"17534568778", 元素描述:UserAddressPageRsrc.LOC_电话框
[2021-11-01 20:08:05] [INFO] [basepage.py line:64]->>定位元素：('xpath', '//input[@placeholder="详细地址"]'), 元素描述：UserAddressPageRsrc.LOC_详细地址框
[2021-11-01 20:08:05] [INFO] [basepage.py line:73]->>元素定位成功:耗时0.03秒!
[2021-11-01 20:08:05] [INFO] [basepage.py line:234]->>输入内容:"湖北省武汉市", 元素描述:UserAddressPageRsrc.LOC_详细地址框
[2021-11-01 20:08:06] [INFO] [basepage.py line:39]->>强制等待1s
[2021-11-01 20:08:06] [INFO] [basepage.py line:64]->>定位元素：('xpath', '//span[text()="省份"]'), 元素描述：UserAddressPageRsrc.LOC_省下拉按钮
[2021-11-01 20:08:06] [INFO] [basepage.py line:73]->>元素定位成功:耗时0.029秒!
[2021-11-01 20:08:07] [INFO] [basepage.py line:252]->>点击元素:('xpath', '//span[text()="省份"]'), 元素描述:UserAddressPageRsrc.LOC_省下拉按钮
[2021-11-01 20:08:08] [INFO] [basepage.py line:39]->>强制等待1s
[2021-11-01 20:08:08] [INFO] [basepage.py line:64]->>定位元素：('xpath', '//li[text()="湖北省"]'), 元素描述：UserAddressPageRsrc.LOC_选择省
[2021-11-01 20:08:08] [INFO] [basepage.py line:73]->>元素定位成功:耗时0.021秒!
[2021-11-01 20:08:08] [INFO] [basepage.py line:252]->>点击元素:('xpath', '//li[text()="湖北省"]'), 元素描述:UserAddressPageRsrc.LOC_选择省
[2021-11-01 20:08:09] [INFO] [basepage.py line:39]->>强制等待1s
[2021-11-01 20:08:09] [INFO] [basepage.py line:64]->>定位元素：('xpath', '//span[text()="城市"]'), 元素描述：UserAddressPageRsrc.LOC_市下拉框按钮
[2021-11-01 20:08:09] [INFO] [basepage.py line:73]->>元素定位成功:耗时0.02秒!
[2021-11-01 20:08:09] [INFO] [basepage.py line:252]->>点击元素:('xpath', '//span[text()="城市"]'), 元素描述:UserAddressPageRsrc.LOC_市下拉框按钮
[2021-11-01 20:08:10] [INFO] [basepage.py line:39]->>强制等待1s
[2021-11-01 20:08:10] [INFO] [basepage.py line:64]->>定位元素：('xpath', '//li[text()="武汉市"]'), 元素描述：UserAddressPageRsrc.LOC_选择市
[2021-11-01 20:08:10] [INFO] [basepage.py line:73]->>元素定位成功:耗时0.024秒!
[2021-11-01 20:08:10] [INFO] [basepage.py line:252]->>点击元素:('xpath', '//li[text()="武汉市"]'), 元素描述:UserAddressPageRsrc.LOC_选择市
[2021-11-01 20:08:11] [INFO] [basepage.py line:39]->>强制等待1s
[2021-11-01 20:08:11] [INFO] [basepage.py line:64]->>定位元素：('xpath', '//span[text()="区/县"]'), 元素描述：UserAddressPageRsrc.LOC_区下拉框按钮
[2021-11-01 20:08:11] [INFO] [basepage.py line:73]->>元素定位成功:耗时0.023秒!
[2021-11-01 20:08:11] [INFO] [basepage.py line:252]->>点击元素:('xpath', '//span[text()="区/县"]'), 元素描述:UserAddressPageRsrc.LOC_区下拉框按钮
[2021-11-01 20:08:12] [INFO] [basepage.py line:39]->>强制等待1s
[2021-11-01 20:08:12] [INFO] [basepage.py line:64]->>定位元素：('xpath', '//li[text()="江夏区"]'), 元素描述：UserAddressPageRsrc.LOC_选择区
[2021-11-01 20:08:12] [INFO] [basepage.py line:73]->>元素定位成功:耗时0.022秒!
[2021-11-01 20:08:12] [INFO] [basepage.py line:252]->>点击元素:('xpath', '//li[text()="江夏区"]'), 元素描述:UserAddressPageRsrc.LOC_选择区
[2021-11-01 20:08:12] [INFO] [basepage.py line:64]->>定位元素：('xpath', '//*[text()="保存"]'), 元素描述：UserAddressPageRsrc.LOC_保存按钮
[2021-11-01 20:08:12] [INFO] [basepage.py line:73]->>元素定位成功:耗时0.022秒!
[2021-11-01 20:08:12] [INFO] [basepage.py line:437]->>滚动到元素：('xpath', '//*[text()="保存"]') ,元素描述：UserAddressPageRsrc.LOC_保存按钮
[2021-11-01 20:08:13] [INFO] [basepage.py line:39]->>强制等待1s
[2021-11-01 20:08:13] [INFO] [basepage.py line:64]->>定位元素：('xpath', '//*[text()="保存"]'), 元素描述：UserAddressPageRsrc.LOC_保存按钮
[2021-11-01 20:08:13] [INFO] [basepage.py line:73]->>元素定位成功:耗时0.015秒!
[2021-11-01 20:08:13] [INFO] [basepage.py line:252]->>点击元素:('xpath', '//*[text()="保存"]'), 元素描述:UserAddressPageRsrc.LOC_保存按钮
[2021-11-01 20:08:14] [INFO] [basepage.py line:39]->>强制等待0.5s
[2021-11-01 20:08:14] [INFO] [basepage.py line:64]->>定位元素：('xpath', '//p[@class="prompt-msg"]'), 元素描述：UserAddressPageRsrc.LOC_添加地址结果
[2021-11-01 20:08:14] [INFO] [basepage.py line:73]->>元素定位成功:耗时0.017秒!
[2021-11-01 20:08:14] [INFO] [basepage.py line:299]->>获取文本:"操作成功", 元素描述：UserAddressPageRsrc.LOC_添加地址结果
[2021-11-01 20:08:14] [INFO] [basepage.py line:64]->>定位元素：('xpath', '//p[@class="prompt-msg"]'), 元素描述：UserAddressPageRsrc.LOC_添加地址结果
[2021-11-01 20:08:14] [INFO] [basepage.py line:73]->>元素定位成功:耗时0.018秒!
[2021-11-01 20:08:14] [INFO] [basepage.py line:268]->>元素截图成功,图片路径为:/Users/mac/Desktop/my_code/WebFramework/imgs/2021-11-01-20-08-14.png
[2021-11-01 20:08:17] [INFO] [conftest.py line:55]->>关闭浏览器,并重置driver
[2021-11-01 20:08:17] [INFO] [conftest.py line:65]->>*************** 结束执行用例：test01_add_address ***************
